app/build/outputs/mapping/release/seeds.txt
com.example.wearmaps.presentation.MapViewScreenKt
com.example.wearmaps.presentation.MapViewScreenKt$MapViewScreen$5$3$1$3
com.example.wearmaps.presentation.MapViewScreenKt$MapViewScreen$5$2$2$3$1
com.example.wearmaps.presentation.MapViewScreenKt$BezelPill$1$1
com.example.wearmaps.presentation.MapViewScreenKt$MapViewScreen$1$invoke$$inlined$onDispose$1
com.example.wearmaps.map.MapTileFetcher$getTileBitmap$2
com.example.wearmaps.presentation.MapViewScreenKt$MapViewScreen$1$3
com.example.wearmaps.presentation.MapViewScreenKt$MapViewScreen$6$1
com.example.wearmaps.presentation.ComposableSingletons$MapViewScreenKt$lambda-5$1
com.example.wearmaps.presentation.MapViewScreenKt$MapViewScreen$5$2$5$1$1$1$1
com.example.wearmaps.location.MapPin
com.example.wearmaps.presentation.MapViewScreenKt$MapViewScreen$5$3$1$3$invoke$$inlined$items$default$1
com.example.wearmaps.location.GnssSatelliteInfo
com.example.wearmaps.presentation.ComposableSingletons$MapViewScreenKt$lambda-1$1$1
com.example.wearmaps.presentation.MapViewScreenKt$MapViewScreen$5$2$5$1$2
com.example.wearmaps.presentation.MapViewScreenKt$MapViewScreen$3$1
com.example.wearmaps.map.MapTileFetcher$predownloadOfflineRegion$2
com.example.wearmaps.presentation.MapViewScreenKt$MapViewScreen$1$1
com.example.wearmaps.presentation.MapViewScreenKt$MapViewScreen$5$3$1$3$invoke$$inlined$items$default$2
com.example.wearmaps.MainActivity
com.example.wearmaps.sensor.CompassHeadingListener
com.example.wearmaps.presentation.MapViewScreenKt$MapViewScreen$1
com.example.wearmaps.presentation.ComposableSingletons$MapViewScreenKt$lambda-2$1
com.example.wearmaps.presentation.MapViewScreenKt$MapViewScreen$2
com.example.wearmaps.presentation.MapViewScreenKt$MapViewScreen$5$3$1$1$1$1
com.example.wearmaps.location.LocationManagerHelper$startLocationUpdates$callback$1
com.example.wearmaps.presentation.MapViewScreenKt$MapViewScreen$5$2$4$3
com.example.wearmaps.presentation.MapViewScreenKt$BezelPill$3
com.example.wearmaps.presentation.MapViewScreenKt$MapViewScreen$4$1$1
com.example.wearmaps.presentation.MapViewScreenKt$MapViewScreen$5$3$1$3$1$1
com.example.wearmaps.presentation.MapViewScreenKt$MapViewScreen$5$2$5$1
com.example.wearmaps.presentation.MapViewScreenKt$MapViewScreen$5$2$4$1
com.example.wearmaps.presentation.ComposableSingletons$MapViewScreenKt
com.example.wearmaps.presentation.MapViewScreenKt$MapViewScreen$5$2$5$1$1
com.example.wearmaps.presentation.MapViewScreenKt$MapViewScreen$4$1
com.example.wearmaps.presentation.MapViewScreenKt$MapViewScreen$5$2$4$3$1
com.example.wearmaps.presentation.MapViewScreenKt$MapViewScreen$5$2$5$1$2$1$1
com.example.wearmaps.map.TileCoord
com.example.wearmaps.presentation.ComposableSingletons$MapViewScreenKt$lambda-3$1
com.example.wearmaps.presentation.ComposableSingletons$MapViewScreenKt$lambda-1$1
com.example.wearmaps.presentation.MapViewScreenKt$MapViewScreen$1$2
com.example.wearmaps.presentation.MapViewScreenKt$MapViewScreen$5$3$1$3$1$2$2
com.example.wearmaps.presentation.MapViewScreenKt$MapViewScreen$2$1
com.example.wearmaps.presentation.MapViewScreenKt$MapViewScreen$5$4$1$2
com.example.wearmaps.presentation.MapViewScreenKt$MapViewScreen$5$2$2$1$1
com.example.wearmaps.presentation.MapViewScreenKt$MapViewScreen$5$1
com.example.wearmaps.location.LocationManagerHelper$startLocationUpdates$listener$1
com.example.wearmaps.map.MapTileFetcher
com.example.wearmaps.presentation.MapViewScreenKt$MapViewScreen$5$3$1$3$invoke$$inlined$items$default$3
com.example.wearmaps.presentation.MapViewScreenKt$MapViewScreen$5$4$1$1$1$1
com.example.wearmaps.presentation.MapViewScreenKt$MapViewScreen$7
com.example.wearmaps.presentation.MapViewScreenKt$MapViewScreen$5$3$1$4
com.example.wearmaps.presentation.MapViewScreenKt$MapViewScreen$5$2$3$1
com.example.wearmaps.presentation.MapViewScreenKt$MapViewScreen$5$3$1$3$invoke$$inlined$items$default$4
com.example.wearmaps.presentation.MapViewScreenKt$MapViewScreen$5$2$3$3$1
com.example.wearmaps.location.LocationManagerHelper
...
androidx.core.os.BundleApi21ImplKt: void putSize(android.os.Bundle,java.lang.String,android.util.Size)
androidx.compose.ui.platform.AbstractComposeView: void getShowLayoutBounds$annotations()
kotlin.collections.AbstractList: AbstractList()
kotlinx.coroutines.selects.TrySelectDetailedResult: kotlinx.coroutines.selects.TrySelectDetailedResult[] values()
kotlinx.coroutines.flow.SharingCommand: kotlinx.coroutines.flow.SharingCommand valueOf(java.lang.String)
androidx.core.os.TraceCompat$Api18Impl: void beginSection(java.lang.String)
kotlinx.coroutines.android.AndroidDispatcherFactory: java.lang.String hintOnError()
androidx.compose.ui.text.style.ResolvedTextDirection: androidx.compose.ui.text.style.ResolvedTextDirection valueOf(java.lang.String)
androidx.lifecycle.ReportFragment$LifecycleCallbacks: void onActivityCreated(android.app.Activity,android.os.Bundle)
kotlin.collections.AbstractMutableList: AbstractMutableList()
androidx.activity.ComponentActivity: void addOnMultiWindowModeChangedListener(androidx.core.util.Consumer)
androidx.compose.ui.platform.AndroidComposeView: androidx.compose.ui.autofill.AutofillTree getAutofillTree()
androidx.lifecycle.ReportFragment$LifecycleCallbacks: void onActivityPostCreated(android.app.Activity,android.os.Bundle)
androidx.compose.ui.platform.TextToolbarStatus: androidx.compose.ui.platform.TextToolbarStatus valueOf(java.lang.String)
androidx.compose.ui.semantics.EmptySemanticsElement: EmptySemanticsElement()
androidx.compose.ui.platform.AndroidComposeView: void setConfigurationChangeObserver(kotlin.jvm.functions.Function1)
androidx.core.text.ICUCompat$Api24Impl: java.lang.String getScript(java.lang.Object)
androidx.compose.ui.platform.ViewLayer$UniqueDrawingIdApi29: long getUniqueDrawingId(android.view.View)
androidx.core.view.ViewCompat$Api16Impl: void requestFitSystemWindows(android.view.View)
androidx.compose.ui.platform.AndroidComposeView: void setShowLayoutBounds(boolean)
androidx.compose.ui.platform.AndroidComposeView: androidx.compose.ui.autofill.Autofill getAutofill()
androidx.compose.ui.platform.coreshims.ViewCompatShims$Api26Impl: android.view.autofill.AutofillId getAutofillId(android.view.View)
androidx.core.app.NotificationCompatBuilder$Api20Impl: android.app.Notification$Builder addAction(android.app.Notification$Builder,android.app.Notification$Action)
androidx.activity.ComponentActivity: void addOnNewIntentListener(androidx.core.util.Consumer)
androidx.core.app.NotificationCompatBuilder$Api26Impl: android.app.Notification$Builder createBuilder(android.content.Context,java.lang.String)
androidx.compose.ui.platform.AndroidComposeView: androidx.compose.ui.platform.AndroidAccessibilityManager getAccessibilityManager()
androidx.activity.ComponentActivity: void addOnPictureInPictureModeChangedListener(androidx.core.util.Consumer)
androidx.compose.ui.unit.LayoutDirection: androidx.compose.ui.unit.LayoutDirection valueOf(java.lang.String)
androidx.core.view.ViewCompat$Api29Impl: android.view.View$AccessibilityDelegate getAccessibilityDelegate(android.view.View)
android.support.v4.graphics.drawable.IconCompatParcelizer: androidx.core.graphics.drawable.IconCompat read(androidx.versionedparcelable.VersionedParcel)
androidx.activity.ComponentActivity: androidx.activity.result.ActivityResultLauncher registerForActivityResult(androidx.activity.result.contract.ActivityResultContract,androidx.activity.result.ActivityResultRegistry,androidx.activity.result.ActivityResultCallback)
androidx.lifecycle.ProcessLifecycleOwner$attach$1$onActivityPreCreated$1: ProcessLifecycleOwner$attach$1$onActivityPreCreated$1(androidx.lifecycle.ProcessLifecycleOwner)
androidx.activity.ComponentActivity: void startIntentSenderForResult(android.content.IntentSender,int,android.content.Intent,int,int,int,android.os.Bundle)
androidx.lifecycle.Lifecycle$Event: androidx.lifecycle.Lifecycle$Event valueOf(java.lang.String)