app/build/outputs/mapping/release/usage.txt
com.ajimsjames.wearmaps.R$drawable
com.ajimsjames.wearmaps.R$string
com.ajimsjames.wearmaps.R$style
com.ajimsjames.wearmaps.R
com.example.wearmaps.MainActivity$$InternalSyntheticLambda$1$496a33d7a834f5f470570f1e24389932ec5f291cfb6af66d503af77b8e671242$0
com.example.wearmaps.MainActivity:
    static void <clinit>()
com.example.wearmaps.location.GnssSatelliteInfo:
    static void <clinit>()
com.example.wearmaps.location.LocationManagerHelper:
    static void <clinit>()
com.example.wearmaps.location.MapPin:
    static void <clinit>()
com.example.wearmaps.map.MapTileFetcher:
    static void <clinit>()
com.example.wearmaps.map.TileCoord:
    static void <clinit>()
com.example.wearmaps.sensor.CompassHeadingListener:
    static void <clinit>()
...
androidx.core.view.inputmethod.InputContentInfoCompat
androidx.core.widget.AutoScrollHelper$ClampedScroller
androidx.core.widget.AutoScrollHelper$ScrollAnimationRunnable
androidx.core.widget.AutoScrollHelper
androidx.core.widget.AutoSizeableTextView
androidx.core.widget.CheckedTextViewCompat$Api14Impl
androidx.core.widget.CheckedTextViewCompat$Api16Impl
androidx.core.widget.CheckedTextViewCompat$Api21Impl
androidx.core.widget.CheckedTextViewCompat
androidx.core.widget.CompoundButtonCompat$Api21Impl
androidx.core.widget.CompoundButtonCompat$Api23Impl
androidx.core.widget.CompoundButtonCompat
androidx.core.widget.ContentLoadingProgressBar
androidx.core.widget.EdgeEffectCompat$Api21Impl
androidx.core.widget.EdgeEffectCompat$Api31Impl
androidx.core.widget.EdgeEffectCompat
androidx.core.widget.ImageViewCompat$Api21Impl
androidx.core.widget.ImageViewCompat
androidx.core.widget.ListPopupWindowCompat$Api19Impl
androidx.core.widget.ListPopupWindowCompat
androidx.core.widget.ListViewAutoScrollHelper
androidx.core.widget.ListViewCompat$Api19Impl
androidx.core.widget.ListViewCompat
androidx.core.widget.NestedScrollView$AccessibilityDelegate
androidx.core.widget.NestedScrollView$Api21Impl
androidx.core.widget.NestedScrollView$OnScrollChangeListener
androidx.core.widget.NestedScrollView$SavedState$1
androidx.core.widget.NestedScrollView$SavedState
androidx.core.widget.NestedScrollView
androidx.core.widget.PopupMenuCompat$Api19Impl
androidx.core.widget.PopupMenuCompat
androidx.core.widget.PopupWindowCompat$Api19Impl
androidx.core.widget.PopupWindowCompat$Api23Impl
androidx.core.widget.PopupWindowCompat
androidx.core.widget.ScrollerCompat
androidx.core.widget.TextViewCompat$Api16Impl
androidx.core.widget.TextViewCompat$Api17Impl
androidx.core.widget.TextViewCompat$Api23Impl
androidx.core.widget.TextViewCompat$Api24Impl
androidx.core.widget.TextViewCompat$Api26Impl
androidx.core.widget.TextViewCompat$Api28Impl
androidx.core.widget.TextViewCompat$Api34Impl
androidx.core.widget.TextViewCompat$AutoSizeTextType
androidx.core.widget.TextViewCompat$OreoCallback
androidx.core.widget.TextViewCompat
androidx.core.widget.TextViewKt$addTextChangedListener$1
androidx.core.widget.TextViewKt$addTextChangedListener$2
androidx.core.widget.TextViewKt$addTextChangedListener$3
androidx.core.widget.TextViewKt$addTextChangedListener$textWatcher$1
androidx.core.widget.TextViewKt$doAfterTextChanged$$inlined$addTextChangedListener$default$1
androidx.core.widget.TextViewKt$doBeforeTextChanged$$inlined$addTextChangedListener$default$1
androidx.core.widget.TextViewKt$doOnTextChanged$$inlined$addTextChangedListener$default$1
androidx.core.widget.TextViewKt
androidx.core.widget.TextViewOnReceiveContentListener$Api16Impl
androidx.core.widget.TextViewOnReceiveContentListener$ApiImpl
androidx.core.widget.TextViewOnReceiveContentListener
androidx.core.widget.TintableCheckedTextView
androidx.core.widget.TintableCompoundButton
androidx.core.widget.TintableCompoundDrawablesView
androidx.core.widget.TintableImageSourceView
androidx.cursoradapter.R
androidx.cursoradapter.widget.CursorAdapter$ChangeObserver
androidx.cursoradapter.widget.CursorAdapter$MyDataSetObserver
androidx.cursoradapter.widget.CursorAdapter
androidx.cursoradapter.widget.CursorFilter$CursorFilterClient
androidx.cursoradapter.widget.CursorFilter
androidx.cursoradapter.widget.ResourceCursorAdapter
androidx.cursoradapter.widget.SimpleCursorAdapter$CursorToStringConverter
androidx.cursoradapter.widget.SimpleCursorAdapter$ViewBinder
androidx.cursoradapter.widget.SimpleCursorAdapter
androidx.customview.R$attr
androidx.customview.R$color
androidx.customview.R$dimen
androidx.customview.R$drawable
androidx.customview.R$id
androidx.customview.R$integer
androidx.customview.R$layout
androidx.customview.R$string
androidx.customview.R$style
androidx.customview.R$styleable
androidx.customview.R